<?xml version="1.0" encoding="UTF-8"?>
<!-- Generated by org.testng.reporters.JUnitReportReporter -->
<testsuite skipped="0" hostname="MBP-6742" name="com.learnningautomation.utility.RestAssuredTest" tests="2" failures="0" timestamp="29 Jun 2022 08:05:27 GMT" time="2.106" errors="0">
  <testcase name="getCompleteBody" time="1.525" classname="com.learnningautomation.utility.RestAssuredTest"/>
  <testcase name="getStatusCode" time="0.581" classname="com.learnningautomation.utility.RestAssuredTest"/>
</testsuite> <!-- com.learnningautomation.utility.RestAssuredTest -->
