<?xml version="1.0" encoding="UTF-8"?>
<testng-results skipped="0" failed="0" ignored="0" total="1" passed="1">
  <reporter-output>
  </reporter-output>
  <suite name="Default suite" duration-ms="4964" started-at="2022-07-07T10:25:19Z" finished-at="2022-07-07T10:25:24Z">
    <groups>
    </groups>
    <test name="Default test" duration-ms="4964" started-at="2022-07-07T10:25:19Z" finished-at="2022-07-07T10:25:24Z">
      <class name="com.learningautomation.testcases.APitest1">
        <test-method status="PASS" signature="getResponse()[pri:0, instance:com.learningautomation.testcases.APitest1@e25b2fe]" name="getResponse" duration-ms="4917" started-at="2022-07-07T15:55:19Z" finished-at="2022-07-07T15:55:24Z">
          <reporter-output>
          </reporter-output>
        </test-method> <!-- getResponse -->
      </class> <!-- com.learningautomation.testcases.APitest1 -->
    </test> <!-- Default test -->
  </suite> <!-- Default suite -->
</testng-results>
